c:\users\pad\desktop\3d_projekt_vw_ps_fg\3d_projekt_vw_ps_fg\3d_projekt_vw_ps_fg\x64\debug\vc142.pdb
c:\users\pad\desktop\3d_projekt_vw_ps_fg\3d_projekt_vw_ps_fg\3d_projekt_vw_ps_fg\x64\debug\vc142.idb
c:\users\pad\desktop\3d_projekt_vw_ps_fg\3d_projekt_vw_ps_fg\3d_projekt_vw_ps_fg\x64\debug\timer.obj
c:\users\pad\desktop\3d_projekt_vw_ps_fg\3d_projekt_vw_ps_fg\3d_projekt_vw_ps_fg\x64\debug\texture.obj
c:\users\pad\desktop\3d_projekt_vw_ps_fg\3d_projekt_vw_ps_fg\3d_projekt_vw_ps_fg\x64\debug\terrain.obj
c:\users\pad\desktop\3d_projekt_vw_ps_fg\3d_projekt_vw_ps_fg\3d_projekt_vw_ps_fg\x64\debug\skeleton.obj
c:\users\pad\desktop\3d_projekt_vw_ps_fg\3d_projekt_vw_ps_fg\3d_projekt_vw_ps_fg\x64\debug\shader.obj
c:\users\pad\desktop\3d_projekt_vw_ps_fg\3d_projekt_vw_ps_fg\3d_projekt_vw_ps_fg\x64\debug\particlesystem.obj
c:\users\pad\desktop\3d_projekt_vw_ps_fg\3d_projekt_vw_ps_fg\3d_projekt_vw_ps_fg\x64\debug\objreader.obj
c:\users\pad\desktop\3d_projekt_vw_ps_fg\3d_projekt_vw_ps_fg\3d_projekt_vw_ps_fg\x64\debug\models.obj
c:\users\pad\desktop\3d_projekt_vw_ps_fg\3d_projekt_vw_ps_fg\3d_projekt_vw_ps_fg\x64\debug\main.obj
c:\users\pad\desktop\3d_projekt_vw_ps_fg\3d_projekt_vw_ps_fg\3d_projekt_vw_ps_fg\x64\debug\light.obj
c:\users\pad\desktop\3d_projekt_vw_ps_fg\3d_projekt_vw_ps_fg\3d_projekt_vw_ps_fg\x64\debug\joint.obj
c:\users\pad\desktop\3d_projekt_vw_ps_fg\3d_projekt_vw_ps_fg\3d_projekt_vw_ps_fg\x64\debug\input.obj
c:\users\pad\desktop\3d_projekt_vw_ps_fg\3d_projekt_vw_ps_fg\3d_projekt_vw_ps_fg\x64\debug\graphics.obj
c:\users\pad\desktop\3d_projekt_vw_ps_fg\3d_projekt_vw_ps_fg\3d_projekt_vw_ps_fg\x64\debug\dx11.obj
c:\users\pad\desktop\3d_projekt_vw_ps_fg\3d_projekt_vw_ps_fg\3d_projekt_vw_ps_fg\x64\debug\camera.obj
c:\users\pad\desktop\3d_projekt_vw_ps_fg\3d_projekt_vw_ps_fg\3d_projekt_vw_ps_fg\x64\debug\appsys.obj
c:\users\pad\desktop\3d_projekt_vw_ps_fg\3d_projekt_vw_ps_fg\3d_projekt_vw_ps_fg\x64\debug\animation.obj
c:\users\pad\desktop\3d_projekt_vw_ps_fg\3d_projekt_vw_ps_fg\x64\debug\gsdefault.cso
c:\users\pad\desktop\3d_projekt_vw_ps_fg\3d_projekt_vw_ps_fg\x64\debug\particlesps.cso
c:\users\pad\desktop\3d_projekt_vw_ps_fg\3d_projekt_vw_ps_fg\x64\debug\particlesvs.cso
c:\users\pad\desktop\3d_projekt_vw_ps_fg\3d_projekt_vw_ps_fg\x64\debug\psdefault.cso
c:\users\pad\desktop\3d_projekt_vw_ps_fg\3d_projekt_vw_ps_fg\x64\debug\skyps.cso
c:\users\pad\desktop\3d_projekt_vw_ps_fg\3d_projekt_vw_ps_fg\x64\debug\skyvs.cso
c:\users\pad\desktop\3d_projekt_vw_ps_fg\3d_projekt_vw_ps_fg\x64\debug\vsdefault.cso
c:\users\pad\desktop\3d_projekt_vw_ps_fg\3d_projekt_vw_ps_fg\x64\debug\3d_projekt_vw_ps_fg.ilk
c:\users\pad\desktop\3d_projekt_vw_ps_fg\3d_projekt_vw_ps_fg\x64\debug\3d_projekt_vw_ps_fg.exe
c:\users\pad\desktop\3d_projekt_vw_ps_fg\3d_projekt_vw_ps_fg\x64\debug\3d_projekt_vw_ps_fg.pdb
c:\users\pad\desktop\3d_projekt_vw_ps_fg\3d_projekt_vw_ps_fg\3d_projekt_vw_ps_fg\x64\debug\3d_proje.15f73114.tlog\cl.command.1.tlog
c:\users\pad\desktop\3d_projekt_vw_ps_fg\3d_projekt_vw_ps_fg\3d_projekt_vw_ps_fg\x64\debug\3d_proje.15f73114.tlog\cl.read.1.tlog
c:\users\pad\desktop\3d_projekt_vw_ps_fg\3d_projekt_vw_ps_fg\3d_projekt_vw_ps_fg\x64\debug\3d_proje.15f73114.tlog\cl.write.1.tlog
c:\users\pad\desktop\3d_projekt_vw_ps_fg\3d_projekt_vw_ps_fg\3d_projekt_vw_ps_fg\x64\debug\3d_proje.15f73114.tlog\fxc.command.1.tlog
c:\users\pad\desktop\3d_projekt_vw_ps_fg\3d_projekt_vw_ps_fg\3d_projekt_vw_ps_fg\x64\debug\3d_proje.15f73114.tlog\fxc.read.1.tlog
c:\users\pad\desktop\3d_projekt_vw_ps_fg\3d_projekt_vw_ps_fg\3d_projekt_vw_ps_fg\x64\debug\3d_proje.15f73114.tlog\fxc.write.1.tlog
c:\users\pad\desktop\3d_projekt_vw_ps_fg\3d_projekt_vw_ps_fg\3d_projekt_vw_ps_fg\x64\debug\3d_proje.15f73114.tlog\link.command.1.tlog
c:\users\pad\desktop\3d_projekt_vw_ps_fg\3d_projekt_vw_ps_fg\3d_projekt_vw_ps_fg\x64\debug\3d_proje.15f73114.tlog\link.read.1.tlog
c:\users\pad\desktop\3d_projekt_vw_ps_fg\3d_projekt_vw_ps_fg\3d_projekt_vw_ps_fg\x64\debug\3d_proje.15f73114.tlog\link.write.1.tlog
